<?xml version="1.0" encoding="UTF-8"?>
<!-- Generated by org.testng.reporters.JUnitXMLReporter -->
<testsuite hostname="DESKTOP-DJM2UUE" ignored="0" name="Test" tests="2" failures="1" timestamp="28 May 2020 07:06:40 GMT" time="267.355" errors="0">
  <testcase name="PopularRestaurantsTest" time="126.913" classname="com.assignment.testCases.RestaurantPageTest"/>
  <testcase name="AvailableRestaurantsTest" time="35.38" classname="com.assignment.testCases.RestaurantPageTest">
    <failure type="java.lang.AssertionError" message="The following asserts failed:
	Duplicate restaurants appears in the list of Restaurants. expected [false] but found [true]">
      <![CDATA[java.lang.AssertionError: The following asserts failed:
Duplicate restaurants appears in the list of Restaurants. expected [false] but found [true]
at com.assignment.testCases.RestaurantPageTest.AvailableRestaurantsTest(RestaurantPageTest.java:108)
... Removed 26 stack frames]]>
    </failure>
  </testcase> <!-- AvailableRestaurantsTest -->
</testsuite> <!-- Test -->
