<?xml version="1.0" encoding="UTF-8"?>
<!-- Generated by org.testng.reporters.JUnitXMLReporter -->
<testsuite hostname="DESKTOP-DJM2UUE" ignored="0" name="Test" tests="2" failures="1" timestamp="25 May 2020 12:10:31 GMT" time="185.138" errors="0">
  <testcase name="PopularRestaurantsTest" time="88.088" classname="com.assignment.testCases.RestaurantPageTest"/>
  <testcase name="AvailableRestaurantsTest" time="35.293" classname="com.assignment.testCases.RestaurantPageTest">
    <failure type="java.lang.AssertionError" message="The following asserts failed:
	Duplicate restaurants appears in the list of Restaurants. expected [false] but found [true]">
      <![CDATA[java.lang.AssertionError: The following asserts failed:
Duplicate restaurants appears in the list of Restaurants. expected [false] but found [true]
at com.assignment.testCases.RestaurantPageTest.AvailableRestaurantsTest(RestaurantPageTest.java:105)
... Removed 26 stack frames]]>
    </failure>
  </testcase> <!-- AvailableRestaurantsTest -->
</testsuite> <!-- Test -->
